<?xml version="1.0" encoding="UTF-8"?>
<!-- Generated by org.testng.reporters.JUnitReportReporter -->
<testsuite hostname="LeQuyLam" failures="0" tests="9" name="testt.TestTinhToan" time="0.013" errors="0" timestamp="2025-01-17T15:45:41 ICT" skipped="0">
  <testcase classname="testt.TestTinhToan" name="testTinhTong" time="0.000"/>
  <testcase classname="testt.TestTinhToan" name="tinhTong1" time="0.000"/>
  <testcase classname="testt.TestTinhToan" name="testTrungBinhCong" time="0.000"/>
  <testcase classname="testt.TestTinhToan" name="tinhTong4" time="0.000"/>
  <testcase classname="testt.TestTinhToan" name="tinhTong2" time="0.000"/>
  <testcase classname="testt.TestTinhToan" name="testTinhHieu" time="0.008"/>
  <testcase classname="testt.TestTinhToan" name="testTinhThuong" time="0.003"/>
  <testcase classname="testt.TestTinhToan" name="testTinhTich" time="0.001"/>
  <testcase classname="testt.TestTinhToan" name="tinhTong5" time="0.001"/>
</testsuite> <!-- testt.TestTinhToan -->
